#
# There is insufficient memory for the Java Runtime Environment to continue.
# Native memory allocation (mmap) failed to map 123731968 bytes for G1 virtual space
# Possible reasons:
#   The system is out of physical RAM or swap space
#   The process is running with CompressedOops enabled, and the Java Heap may be blocking the growth of the native heap
# Possible solutions:
#   Reduce memory load on the system
#   Increase physical memory or swap space
#   Check if swap backing store is full
#   Decrease Java heap size (-Xmx/-Xms)
#   Decrease number of Java threads
#   Decrease Java thread stack sizes (-Xss)
#   Set larger code cache with -XX:ReservedCodeCacheSize=
#   JVM is running with Unscaled Compressed Oops mode in which the Java heap is
#     placed in the first 4GB address space. The Java Heap base address is the
#     maximum limit for the native heap growth. Please use -XX:HeapBaseMinAddress
#     to set the Java Heap base and to place the Java Heap above 4GB virtual address.
# This output file may be truncated or incomplete.
#
#  Out of Memory Error (os_windows.cpp:3536), pid=32, tid=13624
#
# JRE version:  (19.0.2+7) (build )
# Java VM: Java HotSpot(TM) 64-Bit Server VM (19.0.2+7-44, mixed mode, sharing, tiered, compressed oops, compressed class ptrs, g1 gc, windows-amd64)
# No core dump will be written. Minidumps are not enabled by default on client versions of Windows
#

---------------  S U M M A R Y ------------

Command Line: -Dfile.encoding=UTF-8 --module-path=D:\ShopBillManagementSystem\build\classes newProduct

Host: AMD Ryzen 5 5600H with Radeon Graphics         , 12 cores, 7G,  Windows 10 , 64 bit Build 19041 (10.0.19041.1)
Time: Tue May 30 22:00:45 2023 India Standard Time elapsed time: 0.017458 seconds (0d 0h 0m 0s)

---------------  T H R E A D  ---------------

Current thread (0x000001df2124ba30):  JavaThread "Unknown thread" [_thread_in_vm, id=13624, stack(0x0000003b0af00000,0x0000003b0b000000)]

Stack: [0x0000003b0af00000,0x0000003b0b000000]
Native frames: (J=compiled Java code, j=interpreted, Vv=VM code, C=native code)
V  [jvm.dll+0x6ee21a]
V  [jvm.dll+0x85765e]
V  [jvm.dll+0x85904e]
V  [jvm.dll+0x859703]
V  [jvm.dll+0x28298f]
V  [jvm.dll+0x6eb009]
V  [jvm.dll+0x6dfbaa]
V  [jvm.dll+0x3573f6]
V  [jvm.dll+0x35ee56]
V  [jvm.dll+0x3b541e]
V  [jvm.dll+0x3b564f]
V  [jvm.dll+0x32c9ea]
V  [jvm.dll+0x32d89e]
V  [jvm.dll+0x821780]
V  [jvm.dll+0x3c2661]
V  [jvm.dll+0x801f51]
V  [jvm.dll+0x44ae8f]
V  [jvm.dll+0x44c811]
C  [jli.dll+0x5287]
C  [ucrtbase.dll+0x21542]
C  [KERNEL32.DLL+0x16fd4]
C  [ntdll.dll+0x4cf31]


---------------  P R O C E S S  ---------------

Threads class SMR info:
_java_thread_list=0x00007fff44b6d048, length=0, elements={
}

Java Threads: ( => current thread )

Other Threads:
  0x000001df212a59c0 WorkerThread "GC Thread#0" [stack: 0x0000003b0b000000,0x0000003b0b100000] [id=8056]
  0x000001df212b5500 ConcurrentGCThread "G1 Main Marker" [stack: 0x0000003b0b100000,0x0000003b0b200000] [id=12544]
  0x000001df212b6e40 WorkerThread "G1 Conc#0" [stack: 0x0000003b0b200000,0x0000003b0b300000] [id=12000]

[error occurred during error reporting (printing all threads), id 0xc0000005, EXCEPTION_ACCESS_VIOLATION (0xc0000005) at pc=0x00007fff4432d427]

VM state: not at safepoint (not fully initialized)

VM Mutex/Monitor currently owned by a thread:  ([mutex/lock_event])
[0x000001df21244fd0] Heap_lock - owner thread: 0x000001df2124ba30

Heap address: 0x000000008a600000, size: 1882 MB, Compressed Oops mode: 32-bit

CDS archive(s) mapped at: [0x0000000000000000-0x0000000000000000-0x0000000000000000), size 0, SharedBaseAddress: 0x0000000800000000, ArchiveRelocationMode: 0.
Narrow klass base: 0x0000000000000000, Narrow klass shift: 0, Narrow klass range: 0x0

GC Precious Log:
 CardTable entry size: 512
 Card Set container configuration: InlinePtr #cards 5 size 8 Array Of Cards #cards 12 size 40 Howl #buckets 4 coarsen threshold 1843 Howl Bitmap #cards 512 size 80 coarsen threshold 460 Card regions per heap region 1 cards per card region 2048

Heap:
 garbage-first heap   total 0K, used 0K [0x000000008a600000, 0x0000000100000000)
  region size 1024K, 0 young (0K), 0 survivors (0K)

[error occurred during error reporting (printing heap information), id 0xc0000005, EXCEPTION_ACCESS_VIOLATION (0xc0000005) at pc=0x00007fff44736649]

GC Heap History (0 events):
No events

Dll operation events (1 events):
Event: 0.008 Loaded shared library C:\Program Files\Java\jdk-19\bin\java.dll

Deoptimization events (0 events):
No events

Classes loaded (0 events):
No events

Classes unloaded (0 events):
No events

Classes redefined (0 events):
No events

Internal exceptions (0 events):
No events

VM Operations (0 events):
No events

Events (0 events):
No events


Dynamic libraries:
0x00007ff659bb0000 - 0x00007ff659bc0000 	C:\Program Files\Java\jdk-19\bin\java.exe
0x00007fff82c10000 - 0x00007fff82e04000 	C:\WINDOWS\SYSTEM32\ntdll.dll
0x00007fff811f0000 - 0x00007fff812ad000 	C:\WINDOWS\System32\KERNEL32.DLL
0x00007fff80790000 - 0x00007fff80a57000 	C:\WINDOWS\System32\KERNELBASE.dll
0x00007fff80a60000 - 0x00007fff80b60000 	C:\WINDOWS\System32\ucrtbase.dll
0x00007fff65620000 - 0x00007fff6563b000 	C:\Program Files\Java\jdk-19\bin\VCRUNTIME140.dll
0x00007fff6c4b0000 - 0x00007fff6c4c8000 	C:\Program Files\Java\jdk-19\bin\jli.dll
0x00007fff82380000 - 0x00007fff8242a000 	C:\WINDOWS\System32\ADVAPI32.dll
0x00007fff82200000 - 0x00007fff8229e000 	C:\WINDOWS\System32\msvcrt.dll
0x00007fff825d0000 - 0x00007fff8266b000 	C:\WINDOWS\System32\sechost.dll
0x00007fff820d0000 - 0x00007fff821f3000 	C:\WINDOWS\System32\RPCRT4.dll
0x00007fff81030000 - 0x00007fff811d0000 	C:\WINDOWS\System32\USER32.dll
0x00007fff62c30000 - 0x00007fff62eca000 	C:\WINDOWS\WinSxS\amd64_microsoft.windows.common-controls_6595b64144ccf1df_6.0.19041.1_none_b555e41d4684ddec\COMCTL32.dll
0x00007fff80760000 - 0x00007fff80782000 	C:\WINDOWS\System32\win32u.dll
0x00007fff81f50000 - 0x00007fff81f7a000 	C:\WINDOWS\System32\GDI32.dll
0x00007fff80b60000 - 0x00007fff80c6a000 	C:\WINDOWS\System32\gdi32full.dll
0x00007fff80530000 - 0x00007fff805cd000 	C:\WINDOWS\System32\msvcp_win.dll
0x00007fff76a70000 - 0x00007fff76a7a000 	C:\WINDOWS\SYSTEM32\VERSION.dll
0x00007fff817e0000 - 0x00007fff81810000 	C:\WINDOWS\System32\IMM32.DLL
0x00007fff67950000 - 0x00007fff6795c000 	C:\Program Files\Java\jdk-19\bin\vcruntime140_1.dll
0x00007fff42040000 - 0x00007fff420ce000 	C:\Program Files\Java\jdk-19\bin\msvcp140.dll
0x00007fff43ff0000 - 0x00007fff44cb0000 	C:\Program Files\Java\jdk-19\bin\server\jvm.dll
0x00007fff73600000 - 0x00007fff73627000 	C:\WINDOWS\SYSTEM32\WINMM.dll
0x00007fff58ff0000 - 0x00007fff58ff9000 	C:\WINDOWS\SYSTEM32\WSOCK32.dll
0x00007fff829b0000 - 0x00007fff82a1b000 	C:\WINDOWS\System32\WS2_32.dll
0x00007fff7e2e0000 - 0x00007fff7e2f3000 	C:\WINDOWS\SYSTEM32\kernel.appcore.dll
0x00007fff64e50000 - 0x00007fff64e5a000 	C:\Program Files\Java\jdk-19\bin\jimage.dll
0x00007fff6c4d0000 - 0x00007fff6c6b4000 	C:\WINDOWS\SYSTEM32\DBGHELP.DLL
0x00007fff68190000 - 0x00007fff681bc000 	C:\WINDOWS\SYSTEM32\dbgcore.DLL
0x00007fff80350000 - 0x00007fff803cf000 	C:\WINDOWS\System32\bcryptPrimitives.dll
0x00007fff4cd30000 - 0x00007fff4cd56000 	C:\Program Files\Java\jdk-19\bin\java.dll

dbghelp: loaded successfully - version: 4.0.5 - missing functions: none
symbol engine: initialized successfully - sym options: 0x614 - pdb path: .;C:\Program Files\Java\jdk-19\bin;C:\WINDOWS\SYSTEM32;C:\WINDOWS\WinSxS\amd64_microsoft.windows.common-controls_6595b64144ccf1df_6.0.19041.1_none_b555e41d4684ddec;C:\Program Files\Java\jdk-19\bin\server

VM Arguments:
jvm_args: -Dfile.encoding=UTF-8 --module-path=D:\ShopBillManagementSystem\build\classes 
java_command: newProduct
java_class_path (initial): D:\netbeans\java\modules\ext\AbsoluteLayout.jar;D:\mysql-connector-j-8.0.33\mysql-connector-j-8.0.33.jar;D:\rs2xml.jar;D:\ShopBillManagementSystem\build\classes
Launcher Type: SUN_STANDARD

[Global flags]
     intx CICompilerCount                          = 4                                         {product} {ergonomic}
     uint ConcGCThreads                            = 3                                         {product} {ergonomic}
     uint G1ConcRefinementThreads                  = 10                                        {product} {ergonomic}
   size_t G1HeapRegionSize                         = 1048576                                   {product} {ergonomic}
    uintx GCDrainStackTargetSize                   = 64                                        {product} {ergonomic}
   size_t InitialHeapSize                          = 123731968                                 {product} {ergonomic}
   size_t MarkStackSize                            = 4194304                                   {product} {ergonomic}
   size_t MaxHeapSize                              = 1973420032                                {product} {ergonomic}
   size_t MinHeapDeltaBytes                        = 1048576                                   {product} {ergonomic}
   size_t MinHeapSize                              = 8388608                                   {product} {ergonomic}
    uintx NonNMethodCodeHeapSize                   = 5839372                                {pd product} {ergonomic}
    uintx NonProfiledCodeHeapSize                  = 122909434                              {pd product} {ergonomic}
    uintx ProfiledCodeHeapSize                     = 122909434                              {pd product} {ergonomic}
    uintx ReservedCodeCacheSize                    = 251658240                              {pd product} {ergonomic}
     bool SegmentedCodeCache                       = true                                      {product} {ergonomic}
   size_t SoftMaxHeapSize                          = 1973420032                             {manageable} {ergonomic}
     bool UseCompressedClassPointers               = true                           {product lp64_product} {ergonomic}
     bool UseCompressedOops                        = true                           {product lp64_product} {ergonomic}
     bool UseG1GC                                  = true                                      {product} {ergonomic}
     bool UseLargePagesIndividualAllocation        = false                                  {pd product} {ergonomic}

Logging:
Log output configuration:
 #0: stdout all=warning uptime,level,tags foldmultilines=false
 #1: stderr all=off uptime,level,tags foldmultilines=false

Environment Variables:
JAVA_HOME=C:\Program Files\Java\jdk-19
PATH=C:\Program Files\Common Files\Oracle\Java\javapath;c:\app\AtharvAbhang\product\11.2.0\dbhome_1\bin;C:\windows\system32;C:\windows;C:\windows\System32\Wbem;C:\windows\System32\WindowsPowerShell\v1.0\;C:\windows\System32\OpenSSH\;C:\Program Files (x86)\NVIDIA Corporation\PhysX\Common;C:\Program Files\NVIDIA Corporation\NVIDIA NvDLISR;C:\Program Files\dotnet\;C:\WINDOWS\system32;C:\WINDOWS;C:\WINDOWS\System32\Wbem;C:\WINDOWS\System32\WindowsPowerShell\v1.0\;C:\WINDOWS\System32\OpenSSH\;C:\Program Files\MySQL\MySQL Server 8.0\bin;C:\Program Files\nodejs\;C:\Program Files\Java\jdk-19\bin;C:\Program Files\MySQL\MySQL Shell 8.0\bin\;C:\Users\Atharv Abhang\AppData\Local\Microsoft\WindowsApps;C:\Users\Atharv Abhang\AppData\Local\Programs\Microsoft VS Code\bin;C:\MinGW\bin;C:\Users\Atharv Abhang\AppData\Local\atom\bin;C:\Program Files (x86)\FreeArc\bin;C:\Program Files\JetBrains\IntelliJ IDEA Community Edition 2022.3.2\bin;;C:\Users\Atharv Abhang\AppData\Local\Microsoft\WindowsApps;C:\Users\Atharv Abhang\AppData\Roaming\npm
USERNAME=Atharv Abhang
OS=Windows_NT
PROCESSOR_IDENTIFIER=AMD64 Family 25 Model 80 Stepping 0, AuthenticAMD
TMP=C:\Users\ATHARV~1\AppData\Local\Temp
TEMP=C:\Users\ATHARV~1\AppData\Local\Temp



---------------  S Y S T E M  ---------------

OS:
 Windows 10 , 64 bit Build 19041 (10.0.19041.1)
OS uptime: 16 days 14:02 hours

CPU: total 12 (initial active 12) (12 cores per cpu, 2 threads per core) family 25 model 80 stepping 0 microcode 0x0, cx8, cmov, fxsr, ht, mmx, 3dnowpref, sse, sse2, sse3, ssse3, sse4a, sse4.1, sse4.2, popcnt, lzcnt, tsc, tscinvbit, avx, avx2, aes, erms, clmul, bmi1, bmi2, adx, sha, fma, vzeroupper, clflush, clflushopt, rdtscp, rdpid, fsrm

Memory: 4k page, system-wide physical 7524M (334M free)
TotalPageFile size 26899M (AvailPageFile size 76M)
current process WorkingSet (physical memory assigned to process): 10M, peak: 10M
current process commit charge ("private bytes"): 64M, peak: 182M

vm_info: Java HotSpot(TM) 64-Bit Server VM (19.0.2+7-44) for windows-amd64 JRE (19.0.2+7-44), built on 2022-11-30T18:02:09Z by "mach5one" with MS VC++ 17.1 (VS2022)

END.
